{"numFailedTestSuites":0,"numFailedTests":0,"numPassedTestSuites":52,"numPassedTests":258,"numPendingTestSuites":0,"numPendingTests":0,"numRuntimeErrorTestSuites":0,"numTodoTests":0,"numTotalTestSuites":52,"numTotalTests":258,"openHandles":[],"snapshot":{"added":0,"didUpdate":true,"failure":false,"filesAdded":0,"filesRemoved":0,"filesRemovedList":[],"filesUnmatched":0,"filesUpdated":3,"matched":230,"total":242,"unchecked":0,"uncheckedKeysByFile":[],"unmatched":0,"updated":12},"startTime":1629473093739,"success":true,"testResults":[{"assertionResults":[{"ancestorTitles":[],"failureMessages":[],"fullName":"Test single","location":null,"status":"passed","title":"Test single"},{"ancestorTitles":[],"failureMessages":[],"fullName":"Test double","location":null,"status":"passed","title":"Test double"},{"ancestorTitles":[],"failureMessages":[],"fullName":"Test triple","location":null,"status":"passed","title":"Test triple"},{"ancestorTitles":[],"failureMessages":[],"fullName":"Test custom className","location":null,"status":"passed","title":"Test custom className"},{"ancestorTitles":[],"failureMessages":[],"fullName":"Test empty","location":null,"status":"passed","title":"Test empty"}],"endTime":1629473102611,"message":"","name":"/Users/keegan/Documents/react/src/components/Search/__test__/SearchResults.test.tsx","startTime":1629473098634,"status":"passed","summary":""},{"assertionResults":[{"ancestorTitles":[],"failureMessages":[],"fullName":"Test full card","location":null,"status":"passed","title":"Test full card"},{"ancestorTitles":[],"failureMessages":[],"fullName":"Test no statistics","location":null,"status":"passed","title":"Test no statistics"},{"ancestorTitles":[],"failureMessages":[],"fullName":"Test no title","location":null,"status":"passed","title":"Test no title"},{"ancestorTitles":[],"failureMessages":[],"fullName":"Test no description","location":null,"status":"passed","title":"Test no description"},{"ancestorTitles":[],"failureMessages":[],"fullName":"Test no image","location":null,"status":"passed","title":"Test no image"},{"ancestorTitles":[],"failureMessages":[],"fullName":"Test full card with custom class","location":null,"status":"passed","title":"Test full card with custom class"},{"ancestorTitles":[],"failureMessages":[],"fullName":"Test multiple cards","location":null,"status":"passed","title":"Test multiple cards"}],"endTime":1629473102631,"message":"","name":"/Users/keegan/Documents/react/src/components/Card/__test__/CardContainer.test.tsx","startTime":1629473098673,"status":"passed","summary":""},{"assertionResults":[{"ancestorTitles":[],"failureMessages":[],"fullName":"Test single","location":null,"status":"passed","title":"Test single"},{"ancestorTitles":[],"failureMessages":[],"fullName":"Test double","location":null,"status":"passed","title":"Test double"},{"ancestorTitles":[],"failureMessages":[],"fullName":"Test triple","location":null,"status":"passed","title":"Test triple"},{"ancestorTitles":[],"failureMessages":[],"fullName":"Test custom className","location":null,"status":"passed","title":"Test custom className"},{"ancestorTitles":[],"failureMessages":[],"fullName":"Test empty","location":null,"status":"passed","title":"Test empty"}],"endTime":1629473102653,"message":"","name":"/Users/keegan/Documents/react/src/components/Latest/__test__/Latest.test.tsx","startTime":1629473098723,"status":"passed","summary":""},{"assertionResults":[{"ancestorTitles":[],"failureMessages":[],"fullName":"Test full page","location":null,"status":"passed","title":"Test full page"},{"ancestorTitles":[],"failureMessages":[],"fullName":"Test loading","location":null,"status":"passed","title":"Test loading"},{"ancestorTitles":[],"failureMessages":[],"fullName":"Test no header","location":null,"status":"passed","title":"Test no header"},{"ancestorTitles":[],"failureMessages":[],"fullName":"Test no latest","location":null,"status":"passed","title":"Test no latest"},{"ancestorTitles":[],"failureMessages":[],"fullName":"Test no recent","location":null,"status":"passed","title":"Test no recent"},{"ancestorTitles":[],"failureMessages":[],"fullName":"Test no footer","location":null,"status":"passed","title":"Test no footer"}],"endTime":1629473102775,"message":"","name":"/Users/keegan/Documents/react/src/components/Page/__test__/PageDashboard.test.tsx","startTime":1629473098635,"status":"passed","summary":""},{"assertionResults":[{"ancestorTitles":[],"failureMessages":[],"fullName":"Test default state","location":null,"status":"passed","title":"Test default state"},{"ancestorTitles":[],"failureMessages":[],"fullName":"Hidden stats","location":null,"status":"passed","title":"Hidden stats"},{"ancestorTitles":[],"failureMessages":[],"fullName":"Test custom className","location":null,"status":"passed","title":"Test custom className"}],"endTime":1629473103026,"message":"","name":"/Users/keegan/Documents/react/src/components/Prebuilt/__test__/PrebuiltSearchResults.test.tsx","startTime":1629473098636,"status":"passed","summary":""},{"assertionResults":[{"ancestorTitles":[],"failureMessages":[],"fullName":"Test default state","location":null,"status":"passed","title":"Test default state"},{"ancestorTitles":[],"failureMessages":[],"fullName":"Test default state with partial analytics","location":null,"status":"passed","title":"Test default state with partial analytics"},{"ancestorTitles":[],"failureMessages":[],"fullName":"Test custom latest length","location":null,"status":"passed","title":"Test custom latest length"},{"ancestorTitles":[],"failureMessages":[],"fullName":"Hidden stats","location":null,"status":"passed","title":"Hidden stats"},{"ancestorTitles":[],"failureMessages":[],"fullName":"Test custom className","location":null,"status":"passed","title":"Test custom className"}],"endTime":1629473103092,"message":"","name":"/Users/keegan/Documents/react/src/components/Prebuilt/__test__/PrebuiltHome.test.tsx","startTime":1629473098702,"status":"passed","summary":""},{"assertionResults":[{"ancestorTitles":[],"failureMessages":[],"fullName":"Test default state","location":null,"status":"passed","title":"Test default state"},{"ancestorTitles":[],"failureMessages":[],"fullName":"Test custom placeholder","location":null,"status":"passed","title":"Test custom placeholder"},{"ancestorTitles":[],"failureMessages":[],"fullName":"Test custom button text","location":null,"status":"passed","title":"Test custom button text"}],"endTime":1629473103323,"message":"","name":"/Users/keegan/Documents/react/src/components/SubscribeForm/__test__/SubscribeForm.test.tsx","startTime":1629473103108,"status":"passed","summary":""},{"assertionResults":[{"ancestorTitles":[],"failureMessages":[],"fullName":"Test complete","location":null,"status":"passed","title":"Test complete"},{"ancestorTitles":[],"failureMessages":[],"fullName":"Test empty","location":null,"status":"passed","title":"Test empty"},{"ancestorTitles":[],"failureMessages":[],"fullName":"Test no search","location":null,"status":"passed","title":"Test no search"},{"ancestorTitles":[],"failureMessages":[],"fullName":"Test no theme","location":null,"status":"passed","title":"Test no theme"},{"ancestorTitles":[],"failureMessages":[],"fullName":"Test no description","location":null,"status":"passed","title":"Test no description"},{"ancestorTitles":[],"failureMessages":[],"fullName":"Test no subscribe","location":null,"status":"passed","title":"Test no subscribe"},{"ancestorTitles":[],"failureMessages":[],"fullName":"Test title only","location":null,"status":"passed","title":"Test title only"}],"endTime":1629473103474,"message":"","name":"/Users/keegan/Documents/react/src/components/Header/__test__/Header.test.tsx","startTime":1629473103345,"status":"passed","summary":""},{"assertionResults":[{"ancestorTitles":[],"failureMessages":[],"fullName":"Test complete","location":null,"status":"passed","title":"Test complete"},{"ancestorTitles":[],"failureMessages":[],"fullName":"Test no social","location":null,"status":"passed","title":"Test no social"},{"ancestorTitles":[],"failureMessages":[],"fullName":"Test no subscribe","location":null,"status":"passed","title":"Test no subscribe"},{"ancestorTitles":[],"failureMessages":[],"fullName":"Test social only","location":null,"status":"passed","title":"Test social only"},{"ancestorTitles":[],"failureMessages":[],"fullName":"Test no custom class","location":null,"status":"passed","title":"Test no custom class"}],"endTime":1629473103584,"message":"","name":"/Users/keegan/Documents/react/src/components/Footer/__test__/Footer.test.tsx","startTime":1629473103481,"status":"passed","summary":""},{"assertionResults":[{"ancestorTitles":[],"failureMessages":[],"fullName":"Test default state","location":null,"status":"passed","title":"Test default state"},{"ancestorTitles":[],"failureMessages":[],"fullName":"Test link","location":null,"status":"passed","title":"Test link"},{"ancestorTitles":[],"failureMessages":[],"fullName":"Test link (new tab)","location":null,"status":"passed","title":"Test link (new tab)"},{"ancestorTitles":[],"failureMessages":[],"fullName":"Test click handler","location":null,"status":"passed","title":"Test click handler"},{"ancestorTitles":[],"failureMessages":[],"fullName":"Test click handler and link","location":null,"status":"passed","title":"Test click handler and link"},{"ancestorTitles":[],"failureMessages":[],"fullName":"Test custom class","location":null,"status":"passed","title":"Test custom class"},{"ancestorTitles":[],"failureMessages":[],"fullName":"Test custom text","location":null,"status":"passed","title":"Test custom text"}],"endTime":1629473103682,"message":"","name":"/Users/keegan/Documents/react/src/components/Subscribe/__test__/Subscribe.test.tsx","startTime":1629473103589,"status":"passed","summary":""},{"assertionResults":[{"ancestorTitles":[],"failureMessages":[],"fullName":"Test full error","location":null,"status":"passed","title":"Test full error"},{"ancestorTitles":[],"failureMessages":[],"fullName":"Test no footer","location":null,"status":"passed","title":"Test no footer"}],"endTime":1629473103775,"message":"","name":"/Users/keegan/Documents/react/src/components/Page/__test__/PageError.test.tsx","startTime":1629473103690,"status":"passed","summary":""},{"assertionResults":[{"ancestorTitles":[],"failureMessages":[],"fullName":"Test default state","location":null,"status":"passed","title":"Test default state"},{"ancestorTitles":[],"failureMessages":[],"fullName":"Test custom className","location":null,"status":"passed","title":"Test custom className"}],"endTime":1629473103895,"message":"","name":"/Users/keegan/Documents/react/src/components/Prebuilt/__test__/PrebuiltHeader.test.tsx","startTime":1629473103798,"status":"passed","summary":""},{"assertionResults":[{"ancestorTitles":[],"failureMessages":[],"fullName":"Test default","location":null,"status":"passed","title":"Test default"},{"ancestorTitles":[],"failureMessages":[],"fullName":"Test no author","location":null,"status":"passed","title":"Test no author"},{"ancestorTitles":[],"failureMessages":[],"fullName":"clap only","location":null,"status":"passed","title":"clap only"},{"ancestorTitles":[],"failureMessages":[],"fullName":"Test custom className","location":null,"status":"passed","title":"Test custom className"}],"endTime":1629473104050,"message":"","name":"/Users/keegan/Documents/react/src/components/Sidebar/__test__/Sidebar.test.tsx","startTime":1629473103914,"status":"passed","summary":""},{"assertionResults":[{"ancestorTitles":[],"failureMessages":[],"fullName":"Test slugify","location":null,"status":"passed","title":"Test slugify"},{"ancestorTitles":[],"failureMessages":[],"fullName":"Test slugify content with no title","location":null,"status":"passed","title":"Test slugify content with no title"},{"ancestorTitles":[],"failureMessages":[],"fullName":"Test slugify content with title","location":null,"status":"passed","title":"Test slugify content with title"},{"ancestorTitles":[],"failureMessages":[],"fullName":"Test for compact number","location":null,"status":"passed","title":"Test for compact number"},{"ancestorTitles":[],"failureMessages":[],"fullName":"Test for format number","location":null,"status":"passed","title":"Test for format number"},{"ancestorTitles":[],"failureMessages":[],"fullName":"Test for extracting twitter profile from url","location":null,"status":"passed","title":"Test for extracting twitter profile from url"},{"ancestorTitles":[],"failureMessages":[],"fullName":"Test get query string","location":null,"status":"passed","title":"Test get query string"}],"endTime":1629473104144,"message":"","name":"/Users/keegan/Documents/react/src/lib/__test__/string.test.ts","startTime":1629473104058,"status":"passed","summary":""},{"assertionResults":[{"ancestorTitles":[],"failureMessages":[],"fullName":"Test default","location":null,"status":"passed","title":"Test default"},{"ancestorTitles":[],"failureMessages":[],"fullName":"Test custom error","location":null,"status":"passed","title":"Test custom error"},{"ancestorTitles":[],"failureMessages":[],"fullName":"Test custom title","location":null,"status":"passed","title":"Test custom title"},{"ancestorTitles":[],"failureMessages":[],"fullName":"Test custom description","location":null,"status":"passed","title":"Test custom description"},{"ancestorTitles":[],"failureMessages":[],"fullName":"Test custom link","location":null,"status":"passed","title":"Test custom link"}],"endTime":1629473104301,"message":"","name":"/Users/keegan/Documents/react/src/components/Error/__test__/Error.test.tsx","startTime":1629473104149,"status":"passed","summary":""},{"assertionResults":[{"ancestorTitles":[],"failureMessages":[],"fullName":"Test component exports","location":null,"status":"passed","title":"Test component exports"},{"ancestorTitles":[],"failureMessages":[],"fullName":"Test util exports","location":null,"status":"passed","title":"Test util exports"},{"ancestorTitles":[],"failureMessages":[],"fullName":"Test hook exports","location":null,"status":"passed","title":"Test hook exports"},{"ancestorTitles":[],"failureMessages":[],"fullName":"Test for unexpected exports","location":null,"status":"passed","title":"Test for unexpected exports"}],"endTime":1629473104330,"message":"","name":"/Users/keegan/Documents/react/src/__test__/export.test.ts","startTime":1629473102657,"status":"passed","summary":""},{"assertionResults":[{"ancestorTitles":[],"failureMessages":[],"fullName":"Test default render for Site","location":null,"status":"passed","title":"Test default render for Site"},{"ancestorTitles":[],"failureMessages":[],"fullName":"Test default render for Content","location":null,"status":"passed","title":"Test default render for Content"}],"endTime":1629473104384,"message":"","name":"/Users/keegan/Documents/react/src/components/Head/__test__/Head.test.tsx","startTime":1629473104311,"status":"passed","summary":""},{"assertionResults":[{"ancestorTitles":[],"failureMessages":[],"fullName":"Test empty state","location":null,"status":"passed","title":"Test empty state"},{"ancestorTitles":[],"failureMessages":[],"fullName":"Test large number","location":null,"status":"passed","title":"Test large number"},{"ancestorTitles":[],"failureMessages":[],"fullName":"Test custom class with large number","location":null,"status":"passed","title":"Test custom class with large number"},{"ancestorTitles":[],"failureMessages":[],"fullName":"Test custom class with empty state","location":null,"status":"passed","title":"Test custom class with empty state"}],"endTime":1629473104412,"message":"","name":"/Users/keegan/Documents/react/src/components/Statistic/__test__/StatisticViews.test.tsx","startTime":1629473104337,"status":"passed","summary":""},{"assertionResults":[{"ancestorTitles":[],"failureMessages":[],"fullName":"Test empty state","location":null,"status":"passed","title":"Test empty state"},{"ancestorTitles":[],"failureMessages":[],"fullName":"Test with message","location":null,"status":"passed","title":"Test with message"},{"ancestorTitles":[],"failureMessages":[],"fullName":"Test with message and icon","location":null,"status":"passed","title":"Test with message and icon"},{"ancestorTitles":[],"failureMessages":[],"fullName":"Test with children","location":null,"status":"passed","title":"Test with children"},{"ancestorTitles":[],"failureMessages":[],"fullName":"Test with className","location":null,"status":"passed","title":"Test with className"}],"endTime":1629473104487,"message":"","name":"/Users/keegan/Documents/react/src/components/Banner/__test__/Banner.test.tsx","startTime":1629473104389,"status":"passed","summary":""},{"assertionResults":[{"ancestorTitles":[],"failureMessages":[],"fullName":"Test colorForString","location":null,"status":"passed","title":"Test colorForString"},{"ancestorTitles":[],"failureMessages":[],"fullName":"Test getTagColorStyles","location":null,"status":"passed","title":"Test getTagColorStyles"}],"endTime":1629473104529,"message":"","name":"/Users/keegan/Documents/react/src/lib/__test__/color.test.ts","startTime":1629473104433,"status":"passed","summary":""},{"assertionResults":[{"ancestorTitles":[],"failureMessages":[],"fullName":"Test single","location":null,"status":"passed","title":"Test single"},{"ancestorTitles":[],"failureMessages":[],"fullName":"Test double","location":null,"status":"passed","title":"Test double"},{"ancestorTitles":[],"failureMessages":[],"fullName":"Test triple","location":null,"status":"passed","title":"Test triple"},{"ancestorTitles":[],"failureMessages":[],"fullName":"Test custom className","location":null,"status":"passed","title":"Test custom className"},{"ancestorTitles":[],"failureMessages":[],"fullName":"Test page counts","location":null,"status":"passed","title":"Test page counts"},{"ancestorTitles":[],"failureMessages":[],"fullName":"Test empty","location":null,"status":"passed","title":"Test empty"}],"endTime":1629473104542,"message":"","name":"/Users/keegan/Documents/react/src/components/Recent/__test__/Recent.test.tsx","startTime":1629473103042,"status":"passed","summary":""},{"assertionResults":[{"ancestorTitles":[],"failureMessages":[],"fullName":"Test all","location":null,"status":"passed","title":"Test all"},{"ancestorTitles":[],"failureMessages":[],"fullName":"Test short","location":null,"status":"passed","title":"Test short"},{"ancestorTitles":[],"failureMessages":[],"fullName":"Test single","location":null,"status":"passed","title":"Test single"},{"ancestorTitles":[],"failureMessages":[],"fullName":"Custom className","location":null,"status":"passed","title":"Custom className"}],"endTime":1629473104560,"message":"","name":"/Users/keegan/Documents/react/src/components/Social/__test__/SocialBar.test.tsx","startTime":1629473104491,"status":"passed","summary":""},{"assertionResults":[{"ancestorTitles":[],"failureMessages":[],"fullName":"Test default","location":null,"status":"passed","title":"Test default"},{"ancestorTitles":[],"failureMessages":[],"fullName":"Test no name","location":null,"status":"passed","title":"Test no name"},{"ancestorTitles":[],"failureMessages":[],"fullName":"Test custom className","location":null,"status":"passed","title":"Test custom className"}],"endTime":1629473104610,"message":"","name":"/Users/keegan/Documents/react/src/components/Author/__test__/Author.test.tsx","startTime":1629473104538,"status":"passed","summary":""},{"assertionResults":[{"ancestorTitles":[],"failureMessages":[],"fullName":"Test default state","location":null,"status":"passed","title":"Test default state"},{"ancestorTitles":[],"failureMessages":[],"fullName":"Test full format","location":null,"status":"passed","title":"Test full format"},{"ancestorTitles":[],"failureMessages":[],"fullName":"Test time format","location":null,"status":"passed","title":"Test time format"},{"ancestorTitles":[],"failureMessages":[],"fullName":"Test huge format","location":null,"status":"passed","title":"Test huge format"},{"ancestorTitles":[],"failureMessages":[],"fullName":"Test default state with custom timestamp","location":null,"status":"passed","title":"Test default state with custom timestamp"},{"ancestorTitles":[],"failureMessages":[],"fullName":"Test full format with custom timestamp","location":null,"status":"passed","title":"Test full format with custom timestamp"},{"ancestorTitles":[],"failureMessages":[],"fullName":"Test time format with custom timestamp","location":null,"status":"passed","title":"Test time format with custom timestamp"},{"ancestorTitles":[],"failureMessages":[],"fullName":"Test huge format with custom timestamp","location":null,"status":"passed","title":"Test huge format with custom timestamp"},{"ancestorTitles":[],"failureMessages":[],"fullName":"Test custom class","location":null,"status":"passed","title":"Test custom class"}],"endTime":1629473104634,"message":"","name":"/Users/keegan/Documents/react/src/components/DateLabel/__test__/DateLabel.test.tsx","startTime":1629473104548,"status":"passed","summary":""},{"assertionResults":[{"ancestorTitles":[],"failureMessages":[],"fullName":"Test default (neither direction)","location":null,"status":"passed","title":"Test default (neither direction)"},{"ancestorTitles":[],"failureMessages":[],"fullName":"Test both directions","location":null,"status":"passed","title":"Test both directions"},{"ancestorTitles":[],"failureMessages":[],"fullName":"Test back only","location":null,"status":"passed","title":"Test back only"},{"ancestorTitles":[],"failureMessages":[],"fullName":"Test forward only","location":null,"status":"passed","title":"Test forward only"},{"ancestorTitles":[],"failureMessages":[],"fullName":"Test override the go back component","location":null,"status":"passed","title":"Test override the go back component"},{"ancestorTitles":[],"failureMessages":[],"fullName":"Test override the go forward component","location":null,"status":"passed","title":"Test override the go forward component"},{"ancestorTitles":[],"failureMessages":[],"fullName":"Test override the go back component using default component","location":null,"status":"passed","title":"Test override the go back component using default component"},{"ancestorTitles":[],"failureMessages":[],"fullName":"Test override the go forward component using default component","location":null,"status":"passed","title":"Test override the go forward component using default component"}],"endTime":1629473104643,"message":"","name":"/Users/keegan/Documents/react/src/components/Pagination/__test__/Pagination.test.tsx","startTime":1629473104578,"status":"passed","summary":""},{"assertionResults":[{"ancestorTitles":[],"failureMessages":[],"fullName":"Test empty doc","location":null,"status":"passed","title":"Test empty doc"},{"ancestorTitles":[],"failureMessages":[],"fullName":"Test simple text","location":null,"status":"passed","title":"Test simple text"},{"ancestorTitles":[],"failureMessages":[],"fullName":"Test simple paragraph","location":null,"status":"passed","title":"Test simple paragraph"},{"ancestorTitles":[],"failureMessages":[],"fullName":"Test simple blockquote","location":null,"status":"passed","title":"Test simple blockquote"},{"ancestorTitles":[],"failureMessages":[],"fullName":"Test simple break","location":null,"status":"passed","title":"Test simple break"},{"ancestorTitles":[],"failureMessages":[],"fullName":"Test simple hr","location":null,"status":"passed","title":"Test simple hr"},{"ancestorTitles":[],"failureMessages":[],"fullName":"Test simple emoji","location":null,"status":"passed","title":"Test simple emoji"},{"ancestorTitles":[],"failureMessages":[],"fullName":"Test simple bullet list","location":null,"status":"passed","title":"Test simple bullet list"},{"ancestorTitles":[],"failureMessages":[],"fullName":"Test simple ordered list","location":null,"status":"passed","title":"Test simple ordered list"},{"ancestorTitles":[],"failureMessages":[],"fullName":"Test simple code block","location":null,"status":"passed","title":"Test simple code block"},{"ancestorTitles":[],"failureMessages":[],"fullName":"Test simple H1","location":null,"status":"passed","title":"Test simple H1"},{"ancestorTitles":[],"failureMessages":[],"fullName":"Test simple H2","location":null,"status":"passed","title":"Test simple H2"},{"ancestorTitles":[],"failureMessages":[],"fullName":"Test simple H3","location":null,"status":"passed","title":"Test simple H3"},{"ancestorTitles":[],"failureMessages":[],"fullName":"Test simple H4","location":null,"status":"passed","title":"Test simple H4"},{"ancestorTitles":[],"failureMessages":[],"fullName":"Test simple warning notice","location":null,"status":"passed","title":"Test simple warning notice"},{"ancestorTitles":[],"failureMessages":[],"fullName":"Test simple error notice","location":null,"status":"passed","title":"Test simple error notice"},{"ancestorTitles":[],"failureMessages":[],"fullName":"Test simple info notice","location":null,"status":"passed","title":"Test simple info notice"},{"ancestorTitles":[],"failureMessages":[],"fullName":"Test simple inline image","location":null,"status":"passed","title":"Test simple inline image"},{"ancestorTitles":[],"failureMessages":[],"fullName":"Test simple inline image with link","location":null,"status":"passed","title":"Test simple inline image with link"},{"ancestorTitles":[],"failureMessages":[],"fullName":"Test simple image block","location":null,"status":"passed","title":"Test simple image block"},{"ancestorTitles":[],"failureMessages":[],"fullName":"Test simple image block with link","location":null,"status":"passed","title":"Test simple image block with link"}],"endTime":1629473104675,"message":"","name":"/Users/keegan/Documents/react/src/components/Renderer/__test__/RendererContent.test.tsx","startTime":1629473102793,"status":"passed","summary":""},{"assertionResults":[{"ancestorTitles":[],"failureMessages":[],"fullName":"Test default state","location":null,"status":"passed","title":"Test default state"},{"ancestorTitles":[],"failureMessages":[],"fullName":"Test no claps","location":null,"status":"passed","title":"Test no claps"},{"ancestorTitles":[],"failureMessages":[],"fullName":"Test no author","location":null,"status":"passed","title":"Test no author"},{"ancestorTitles":[],"failureMessages":[],"fullName":"Test custom className","location":null,"status":"passed","title":"Test custom className"},{"ancestorTitles":[],"failureMessages":[],"fullName":"Test with pagination","location":null,"status":"passed","title":"Test with pagination"},{"ancestorTitles":[],"failureMessages":[],"fullName":"Test not zoomable","location":null,"status":"passed","title":"Test not zoomable"}],"endTime":1629473104693,"message":"","name":"/Users/keegan/Documents/react/src/components/Prebuilt/__test__/PrebuiltEntry.test.tsx","startTime":1629473102631,"status":"passed","summary":""},{"assertionResults":[{"ancestorTitles":[],"failureMessages":[],"fullName":"Test default","location":null,"status":"passed","title":"Test default"},{"ancestorTitles":[],"failureMessages":[],"fullName":"Test theme change listener","location":null,"status":"passed","title":"Test theme change listener"}],"endTime":1629473104697,"message":"","name":"/Users/keegan/Documents/react/src/components/ThemeToggle/__test__/ThemeToggle.test.tsx","startTime":1629473104621,"status":"passed","summary":""},{"assertionResults":[{"ancestorTitles":[],"failureMessages":[],"fullName":"Test empty state","location":null,"status":"passed","title":"Test empty state"},{"ancestorTitles":[],"failureMessages":[],"fullName":"Test large number","location":null,"status":"passed","title":"Test large number"},{"ancestorTitles":[],"failureMessages":[],"fullName":"Test custom class with large number","location":null,"status":"passed","title":"Test custom class with large number"},{"ancestorTitles":[],"failureMessages":[],"fullName":"Test custom class with empty state","location":null,"status":"passed","title":"Test custom class with empty state"}],"endTime":1629473104742,"message":"","name":"/Users/keegan/Documents/react/src/components/Statistic/__test__/StatisticClaps.test.tsx","startTime":1629473104640,"status":"passed","summary":""},{"assertionResults":[{"ancestorTitles":[],"failureMessages":[],"fullName":"Test empty state","location":null,"status":"passed","title":"Test empty state"},{"ancestorTitles":[],"failureMessages":[],"fullName":"Test large number","location":null,"status":"passed","title":"Test large number"},{"ancestorTitles":[],"failureMessages":[],"fullName":"Test custom class with large number","location":null,"status":"passed","title":"Test custom class with large number"},{"ancestorTitles":[],"failureMessages":[],"fullName":"Test custom class with empty state","location":null,"status":"passed","title":"Test custom class with empty state"},{"ancestorTitles":[],"failureMessages":[],"fullName":"Test optional props","location":null,"status":"passed","title":"Test optional props"}],"endTime":1629473104762,"message":"","name":"/Users/keegan/Documents/react/src/components/Statistic/__test__/StatisticBar.test.tsx","startTime":1629473104649,"status":"passed","summary":""},{"assertionResults":[{"ancestorTitles":[],"failureMessages":[],"fullName":"Test default state","location":null,"status":"passed","title":"Test default state"},{"ancestorTitles":[],"failureMessages":[],"fullName":"Test link","location":null,"status":"passed","title":"Test link"},{"ancestorTitles":[],"failureMessages":[],"fullName":"Test link (new tab)","location":null,"status":"passed","title":"Test link (new tab)"},{"ancestorTitles":[],"failureMessages":[],"fullName":"Test click handler","location":null,"status":"passed","title":"Test click handler"},{"ancestorTitles":[],"failureMessages":[],"fullName":"Test custom className","location":null,"status":"passed","title":"Test custom className"}],"endTime":1629473104790,"message":"","name":"/Users/keegan/Documents/react/src/components/Social/__test__/SocialRSS.test.tsx","startTime":1629473104691,"status":"passed","summary":""},{"assertionResults":[{"ancestorTitles":[],"failureMessages":[],"fullName":"Test with logo","location":null,"status":"passed","title":"Test with logo"},{"ancestorTitles":[],"failureMessages":[],"fullName":"Test without logo","location":null,"status":"passed","title":"Test without logo"},{"ancestorTitles":[],"failureMessages":[],"fullName":"Test with clickable logo","location":null,"status":"passed","title":"Test with clickable logo"},{"ancestorTitles":[],"failureMessages":[],"fullName":"Test with linked logo","location":null,"status":"passed","title":"Test with linked logo"},{"ancestorTitles":[],"failureMessages":[],"fullName":"Test with custom className","location":null,"status":"passed","title":"Test with custom className"}],"endTime":1629473104810,"message":"","name":"/Users/keegan/Documents/react/src/components/Copyright/__test__/Copyright.test.tsx","startTime":1629473104705,"status":"passed","summary":""},{"assertionResults":[{"ancestorTitles":[],"failureMessages":[],"fullName":"Test default","location":null,"status":"passed","title":"Test default"},{"ancestorTitles":[],"failureMessages":[],"fullName":"Test custom className","location":null,"status":"passed","title":"Test custom className"}],"endTime":1629473104834,"message":"","name":"/Users/keegan/Documents/react/src/components/Loader/__test__/Loader.test.tsx","startTime":1629473104748,"status":"passed","summary":""},{"assertionResults":[{"ancestorTitles":[],"failureMessages":[],"fullName":"Test default state","location":null,"status":"passed","title":"Test default state"},{"ancestorTitles":[],"failureMessages":[],"fullName":"Test link","location":null,"status":"passed","title":"Test link"},{"ancestorTitles":[],"failureMessages":[],"fullName":"Test link (new tab)","location":null,"status":"passed","title":"Test link (new tab)"},{"ancestorTitles":[],"failureMessages":[],"fullName":"Test click handler","location":null,"status":"passed","title":"Test click handler"},{"ancestorTitles":[],"failureMessages":[],"fullName":"Test custom className","location":null,"status":"passed","title":"Test custom className"}],"endTime":1629473104878,"message":"","name":"/Users/keegan/Documents/react/src/components/Social/__test__/SocialTwitter.test.tsx","startTime":1629473104788,"status":"passed","summary":""},{"assertionResults":[{"ancestorTitles":[],"failureMessages":[],"fullName":"Test One Tag","location":null,"status":"passed","title":"Test One Tag"},{"ancestorTitles":[],"failureMessages":[],"fullName":"Test Two Tags","location":null,"status":"passed","title":"Test Two Tags"},{"ancestorTitles":[],"failureMessages":[],"fullName":"Test Three Tags","location":null,"status":"passed","title":"Test Three Tags"},{"ancestorTitles":[],"failureMessages":[],"fullName":"Test Removable","location":null,"status":"passed","title":"Test Removable"}],"endTime":1629473104898,"message":"","name":"/Users/keegan/Documents/react/src/components/Tags/__test__/TagBar.test.tsx","startTime":1629473104704,"status":"passed","summary":""},{"assertionResults":[{"ancestorTitles":[],"failureMessages":[],"fullName":"Test default render","location":null,"status":"passed","title":"Test default render"}],"endTime":1629473104911,"message":"","name":"/Users/keegan/Documents/react/src/components/Head/SEO/__test__/SEO.test.tsx","startTime":1629473104798,"status":"passed","summary":""},{"assertionResults":[{"ancestorTitles":[],"failureMessages":[],"fullName":"Test 1","location":null,"status":"passed","title":"Test 1"},{"ancestorTitles":[],"failureMessages":[],"fullName":"Test 2","location":null,"status":"passed","title":"Test 2"},{"ancestorTitles":[],"failureMessages":[],"fullName":"Test 3","location":null,"status":"passed","title":"Test 3"},{"ancestorTitles":[],"failureMessages":[],"fullName":"Test 4","location":null,"status":"passed","title":"Test 4"},{"ancestorTitles":[],"failureMessages":[],"fullName":"Test removable","location":null,"status":"passed","title":"Test removable"},{"ancestorTitles":[],"failureMessages":[],"fullName":"Test noColor","location":null,"status":"passed","title":"Test noColor"}],"endTime":1629473104928,"message":"","name":"/Users/keegan/Documents/react/src/components/Tags/__test__/TagItem.test.tsx","startTime":1629473104820,"status":"passed","summary":""},{"assertionResults":[{"ancestorTitles":[],"failureMessages":[],"fullName":"Test default state","location":null,"status":"passed","title":"Test default state"},{"ancestorTitles":[],"failureMessages":[],"fullName":"Test link","location":null,"status":"passed","title":"Test link"},{"ancestorTitles":[],"failureMessages":[],"fullName":"Test link (new tab)","location":null,"status":"passed","title":"Test link (new tab)"},{"ancestorTitles":[],"failureMessages":[],"fullName":"Test click handler","location":null,"status":"passed","title":"Test click handler"},{"ancestorTitles":[],"failureMessages":[],"fullName":"Test custom className","location":null,"status":"passed","title":"Test custom className"}],"endTime":1629473104951,"message":"","name":"/Users/keegan/Documents/react/src/components/Social/__test__/SocialLinkedIn.test.tsx","startTime":1629473104841,"status":"passed","summary":""},{"assertionResults":[{"ancestorTitles":[],"failureMessages":[],"fullName":"Test empty state","location":null,"status":"passed","title":"Test empty state"},{"ancestorTitles":[],"failureMessages":[],"fullName":"Test large number","location":null,"status":"passed","title":"Test large number"},{"ancestorTitles":[],"failureMessages":[],"fullName":"Test custom class with large number","location":null,"status":"passed","title":"Test custom class with large number"},{"ancestorTitles":[],"failureMessages":[],"fullName":"Test custom class with empty state","location":null,"status":"passed","title":"Test custom class with empty state"}],"endTime":1629473104960,"message":"","name":"/Users/keegan/Documents/react/src/components/Clap/__test__/Clap.test.tsx","startTime":1629473104884,"status":"passed","summary":""},{"assertionResults":[{"ancestorTitles":[],"failureMessages":[],"fullName":"Test full entry","location":null,"status":"passed","title":"Test full entry"},{"ancestorTitles":[],"failureMessages":[],"fullName":"Test no footer","location":null,"status":"passed","title":"Test no footer"},{"ancestorTitles":[],"failureMessages":[],"fullName":"Test no sidebar","location":null,"status":"passed","title":"Test no sidebar"},{"ancestorTitles":[],"failureMessages":[],"fullName":"Test with pagination","location":null,"status":"passed","title":"Test with pagination"},{"ancestorTitles":[],"failureMessages":[],"fullName":"Test not zoomable entry","location":null,"status":"passed","title":"Test not zoomable entry"}],"endTime":1629473104980,"message":"","name":"/Users/keegan/Documents/react/src/components/Page/__test__/PageEntry.test.tsx","startTime":1629473102668,"status":"passed","summary":""},{"assertionResults":[{"ancestorTitles":[],"failureMessages":[],"fullName":"Test default state","location":null,"status":"passed","title":"Test default state"},{"ancestorTitles":[],"failureMessages":[],"fullName":"Test link","location":null,"status":"passed","title":"Test link"},{"ancestorTitles":[],"failureMessages":[],"fullName":"Test link (new tab)","location":null,"status":"passed","title":"Test link (new tab)"},{"ancestorTitles":[],"failureMessages":[],"fullName":"Test click handler","location":null,"status":"passed","title":"Test click handler"},{"ancestorTitles":[],"failureMessages":[],"fullName":"Test custom className","location":null,"status":"passed","title":"Test custom className"}],"endTime":1629473105009,"message":"","name":"/Users/keegan/Documents/react/src/components/Social/__test__/SocialInstagram.test.tsx","startTime":1629473104904,"status":"passed","summary":""},{"assertionResults":[{"ancestorTitles":[],"failureMessages":[],"fullName":"Test empty state","location":null,"status":"passed","title":"Test empty state"},{"ancestorTitles":[],"failureMessages":[],"fullName":"Test short description","location":null,"status":"passed","title":"Test short description"},{"ancestorTitles":[],"failureMessages":[],"fullName":"Test long description","location":null,"status":"passed","title":"Test long description"},{"ancestorTitles":[],"failureMessages":[],"fullName":"Test custom class","location":null,"status":"passed","title":"Test custom class"}],"endTime":1629473105037,"message":"","name":"/Users/keegan/Documents/react/src/components/Card/__test__/CardDescription.test.tsx","startTime":1629473104932,"status":"passed","summary":""},{"assertionResults":[{"ancestorTitles":[],"failureMessages":[],"fullName":"Test empty state","location":null,"status":"passed","title":"Test empty state"},{"ancestorTitles":[],"failureMessages":[],"fullName":"Test short title","location":null,"status":"passed","title":"Test short title"},{"ancestorTitles":[],"failureMessages":[],"fullName":"Test long title","location":null,"status":"passed","title":"Test long title"},{"ancestorTitles":[],"failureMessages":[],"fullName":"Test custom class","location":null,"status":"passed","title":"Test custom class"}],"endTime":1629473104999,"message":"","name":"/Users/keegan/Documents/react/src/components/Card/__test__/CardTitle.test.tsx","startTime":1629473104916,"status":"passed","summary":""},{"assertionResults":[{"ancestorTitles":[],"failureMessages":[],"fullName":"Test all","location":null,"status":"passed","title":"Test all"},{"ancestorTitles":[],"failureMessages":[],"fullName":"Test short","location":null,"status":"passed","title":"Test short"},{"ancestorTitles":[],"failureMessages":[],"fullName":"Test single","location":null,"status":"passed","title":"Test single"},{"ancestorTitles":[],"failureMessages":[],"fullName":"Custom className","location":null,"status":"passed","title":"Custom className"}],"endTime":1629473105119,"message":"","name":"/Users/keegan/Documents/react/src/components/Social/__test__/SocialBarSharing.test.tsx","startTime":1629473104964,"status":"passed","summary":""},{"assertionResults":[{"ancestorTitles":[],"failureMessages":[],"fullName":"Test default state","location":null,"status":"passed","title":"Test default state"},{"ancestorTitles":[],"failureMessages":[],"fullName":"Test link","location":null,"status":"passed","title":"Test link"},{"ancestorTitles":[],"failureMessages":[],"fullName":"Test link new tab","location":null,"status":"passed","title":"Test link new tab"},{"ancestorTitles":[],"failureMessages":[],"fullName":"Test click handler","location":null,"status":"passed","title":"Test click handler"},{"ancestorTitles":[],"failureMessages":[],"fullName":"Test click handler and link","location":null,"status":"passed","title":"Test click handler and link"},{"ancestorTitles":[],"failureMessages":[],"fullName":"Test className","location":null,"status":"passed","title":"Test className"}],"endTime":1629473105143,"message":"","name":"/Users/keegan/Documents/react/src/components/Internal/__test__/ActionLink.test.tsx","startTime":1629473104956,"status":"passed","summary":""},{"assertionResults":[{"ancestorTitles":[],"failureMessages":[],"fullName":"Test default","location":null,"status":"passed","title":"Test default"},{"ancestorTitles":[],"failureMessages":[],"fullName":"Test change handler","location":null,"status":"passed","title":"Test change handler"},{"ancestorTitles":[],"failureMessages":[],"fullName":"Test submit handler","location":null,"status":"passed","title":"Test submit handler"},{"ancestorTitles":[],"failureMessages":[],"fullName":"Test both handlers","location":null,"status":"passed","title":"Test both handlers"},{"ancestorTitles":[],"failureMessages":[],"fullName":"Test custom className","location":null,"status":"passed","title":"Test custom className"}],"endTime":1629473105162,"message":"","name":"/Users/keegan/Documents/react/src/components/Search/__test__/SearchBar.test.tsx","startTime":1629473105046,"status":"passed","summary":""},{"assertionResults":[{"ancestorTitles":[],"failureMessages":[],"fullName":"Test default state","location":null,"status":"passed","title":"Test default state"},{"ancestorTitles":[],"failureMessages":[],"fullName":"Test link","location":null,"status":"passed","title":"Test link"},{"ancestorTitles":[],"failureMessages":[],"fullName":"Test link (new tab)","location":null,"status":"passed","title":"Test link (new tab)"},{"ancestorTitles":[],"failureMessages":[],"fullName":"Test click handler","location":null,"status":"passed","title":"Test click handler"},{"ancestorTitles":[],"failureMessages":[],"fullName":"Test link and click handler","location":null,"status":"passed","title":"Test link and click handler"},{"ancestorTitles":[],"failureMessages":[],"fullName":"Test custom className","location":null,"status":"passed","title":"Test custom className"}],"endTime":1629473105177,"message":"","name":"/Users/keegan/Documents/react/src/components/Card/__test__/CardReadButton.test.tsx","startTime":1629473105075,"status":"passed","summary":""},{"assertionResults":[{"ancestorTitles":[],"failureMessages":[],"fullName":"Test default state","location":null,"status":"passed","title":"Test default state"},{"ancestorTitles":[],"failureMessages":[],"fullName":"Test extra small","location":null,"status":"passed","title":"Test extra small"},{"ancestorTitles":[],"failureMessages":[],"fullName":"Test small","location":null,"status":"passed","title":"Test small"},{"ancestorTitles":[],"failureMessages":[],"fullName":"Test medium","location":null,"status":"passed","title":"Test medium"},{"ancestorTitles":[],"failureMessages":[],"fullName":"Test large","location":null,"status":"passed","title":"Test large"},{"ancestorTitles":[],"failureMessages":[],"fullName":"Test extra large","location":null,"status":"passed","title":"Test extra large"},{"ancestorTitles":[],"failureMessages":[],"fullName":"Test link","location":null,"status":"passed","title":"Test link"},{"ancestorTitles":[],"failureMessages":[],"fullName":"Test link (new tab)","location":null,"status":"passed","title":"Test link (new tab)"},{"ancestorTitles":[],"failureMessages":[],"fullName":"Test click handler","location":null,"status":"passed","title":"Test click handler"},{"ancestorTitles":[],"failureMessages":[],"fullName":"Test click handler and link","location":null,"status":"passed","title":"Test click handler and link"}],"endTime":1629473105192,"message":"","name":"/Users/keegan/Documents/react/src/components/Logo/__test__/Logo.test.tsx","startTime":1629473105023,"status":"passed","summary":""},{"assertionResults":[{"ancestorTitles":[],"failureMessages":[],"fullName":"Test default state","location":null,"status":"passed","title":"Test default state"},{"ancestorTitles":[],"failureMessages":[],"fullName":"Test link","location":null,"status":"passed","title":"Test link"},{"ancestorTitles":[],"failureMessages":[],"fullName":"Test link (new tab)","location":null,"status":"passed","title":"Test link (new tab)"},{"ancestorTitles":[],"failureMessages":[],"fullName":"Test click handler","location":null,"status":"passed","title":"Test click handler"},{"ancestorTitles":[],"failureMessages":[],"fullName":"Test custom className","location":null,"status":"passed","title":"Test custom className"}],"endTime":1629473105205,"message":"","name":"/Users/keegan/Documents/react/src/components/Social/__test__/SocialGithub.test.tsx","startTime":1629473104997,"status":"passed","summary":""},{"assertionResults":[{"ancestorTitles":[],"failureMessages":[],"fullName":"Test powered by footer","location":null,"status":"passed","title":"Test powered by footer"}],"endTime":1629473105212,"message":"","name":"/Users/keegan/Documents/react/src/components/PoweredByPinpoint/__test__/PoweredByPinpoint.test.tsx","startTime":1629473105138,"status":"passed","summary":""},{"assertionResults":[{"ancestorTitles":[],"failureMessages":[],"fullName":"Test default state","location":null,"status":"passed","title":"Test default state"},{"ancestorTitles":[],"failureMessages":[],"fullName":"Test link","location":null,"status":"passed","title":"Test link"},{"ancestorTitles":[],"failureMessages":[],"fullName":"Test link (new tab)","location":null,"status":"passed","title":"Test link (new tab)"},{"ancestorTitles":[],"failureMessages":[],"fullName":"Test click handler","location":null,"status":"passed","title":"Test click handler"},{"ancestorTitles":[],"failureMessages":[],"fullName":"Test custom className","location":null,"status":"passed","title":"Test custom className"}],"endTime":1629473105223,"message":"","name":"/Users/keegan/Documents/react/src/components/Social/__test__/SocialFacebook.test.tsx","startTime":1629473105156,"status":"passed","summary":""},{"assertionResults":[{"ancestorTitles":[],"failureMessages":[],"fullName":"Test file metadata extraction","location":null,"status":"passed","title":"Test file metadata extraction"},{"ancestorTitles":[],"failureMessages":[],"fullName":"Test file metadata extraction with full url","location":null,"status":"passed","title":"Test file metadata extraction with full url"},{"ancestorTitles":[],"failureMessages":[],"fullName":"Test file metadata image extraction","location":null,"status":"passed","title":"Test file metadata image extraction"}],"endTime":1629473105225,"message":"","name":"/Users/keegan/Documents/react/src/lib/__test__/file_metadata.test.ts","startTime":1629473105172,"status":"passed","summary":""}],"wasInterrupted":false}