{"numFailedTestSuites":0,"numFailedTests":0,"numPassedTestSuites":28,"numPassedTests":161,"numPendingTestSuites":0,"numPendingTests":0,"numRuntimeErrorTestSuites":0,"numTodoTests":0,"numTotalTestSuites":28,"numTotalTests":161,"openHandles":[],"snapshot":{"added":4,"didUpdate":false,"failure":false,"filesAdded":1,"filesRemoved":0,"filesRemovedList":[],"filesUnmatched":0,"filesUpdated":0,"matched":143,"total":147,"unchecked":0,"uncheckedKeysByFile":[],"unmatched":0,"updated":0},"startTime":1627658454428,"success":true,"testResults":[{"assertionResults":[{"ancestorTitles":[],"failureMessages":[],"fullName":"Test empty state","location":null,"status":"passed","title":"Test empty state"},{"ancestorTitles":[],"failureMessages":[],"fullName":"Test large number","location":null,"status":"passed","title":"Test large number"},{"ancestorTitles":[],"failureMessages":[],"fullName":"Test custom class with large number","location":null,"status":"passed","title":"Test custom class with large number"},{"ancestorTitles":[],"failureMessages":[],"fullName":"Test custom class with empty state","location":null,"status":"passed","title":"Test custom class with empty state"}],"endTime":1627658463521,"message":"","name":"/Users/keegan/Documents/react/src/components/Statistic/__test__/StatisticViews.test.tsx","startTime":1627658455035,"status":"passed","summary":""},{"assertionResults":[{"ancestorTitles":[],"failureMessages":[],"fullName":"Test with logo","location":null,"status":"passed","title":"Test with logo"},{"ancestorTitles":[],"failureMessages":[],"fullName":"Test without logo","location":null,"status":"passed","title":"Test without logo"},{"ancestorTitles":[],"failureMessages":[],"fullName":"Test with clickable logo","location":null,"status":"passed","title":"Test with clickable logo"},{"ancestorTitles":[],"failureMessages":[],"fullName":"Test with linked logo","location":null,"status":"passed","title":"Test with linked logo"},{"ancestorTitles":[],"failureMessages":[],"fullName":"Test with custom className","location":null,"status":"passed","title":"Test with custom className"}],"endTime":1627658463534,"message":"","name":"/Users/keegan/Documents/react/src/components/Copyright/__test__/Copyright.test.tsx","startTime":1627658455017,"status":"passed","summary":""},{"assertionResults":[{"ancestorTitles":[],"failureMessages":[],"fullName":"Test default state","location":null,"status":"passed","title":"Test default state"},{"ancestorTitles":[],"failureMessages":[],"fullName":"Test link","location":null,"status":"passed","title":"Test link"},{"ancestorTitles":[],"failureMessages":[],"fullName":"Test link (new tab)","location":null,"status":"passed","title":"Test link (new tab)"},{"ancestorTitles":[],"failureMessages":[],"fullName":"Test click handler","location":null,"status":"passed","title":"Test click handler"},{"ancestorTitles":[],"failureMessages":[],"fullName":"Test link and click handler","location":null,"status":"passed","title":"Test link and click handler"},{"ancestorTitles":[],"failureMessages":[],"fullName":"Test custom className","location":null,"status":"passed","title":"Test custom className"}],"endTime":1627658463628,"message":"","name":"/Users/keegan/Documents/react/src/components/ChangelogCard/__test__/ChangelogCardReadButton.test.tsx","startTime":1627658455133,"status":"passed","summary":""},{"assertionResults":[{"ancestorTitles":[],"failureMessages":[],"fullName":"Test default state","location":null,"status":"passed","title":"Test default state"},{"ancestorTitles":[],"failureMessages":[],"fullName":"Test extra small","location":null,"status":"passed","title":"Test extra small"},{"ancestorTitles":[],"failureMessages":[],"fullName":"Test small","location":null,"status":"passed","title":"Test small"},{"ancestorTitles":[],"failureMessages":[],"fullName":"Test medium","location":null,"status":"passed","title":"Test medium"},{"ancestorTitles":[],"failureMessages":[],"fullName":"Test large","location":null,"status":"passed","title":"Test large"},{"ancestorTitles":[],"failureMessages":[],"fullName":"Test extra large","location":null,"status":"passed","title":"Test extra large"},{"ancestorTitles":[],"failureMessages":[],"fullName":"Test link","location":null,"status":"passed","title":"Test link"},{"ancestorTitles":[],"failureMessages":[],"fullName":"Test link (new tab)","location":null,"status":"passed","title":"Test link (new tab)"},{"ancestorTitles":[],"failureMessages":[],"fullName":"Test click handler","location":null,"status":"passed","title":"Test click handler"},{"ancestorTitles":[],"failureMessages":[],"fullName":"Test click handler and link","location":null,"status":"passed","title":"Test click handler and link"}],"endTime":1627658463652,"message":"","name":"/Users/keegan/Documents/react/src/components/Logo/__test__/Logo.test.tsx","startTime":1627658455136,"status":"passed","summary":""},{"assertionResults":[{"ancestorTitles":[],"failureMessages":[],"fullName":"Test default state","location":null,"status":"passed","title":"Test default state"},{"ancestorTitles":[],"failureMessages":[],"fullName":"Test full format","location":null,"status":"passed","title":"Test full format"},{"ancestorTitles":[],"failureMessages":[],"fullName":"Test time format","location":null,"status":"passed","title":"Test time format"},{"ancestorTitles":[],"failureMessages":[],"fullName":"Test huge format","location":null,"status":"passed","title":"Test huge format"},{"ancestorTitles":[],"failureMessages":[],"fullName":"Test default state with custom timestamp","location":null,"status":"passed","title":"Test default state with custom timestamp"},{"ancestorTitles":[],"failureMessages":[],"fullName":"Test full format with custom timestamp","location":null,"status":"passed","title":"Test full format with custom timestamp"},{"ancestorTitles":[],"failureMessages":[],"fullName":"Test time format with custom timestamp","location":null,"status":"passed","title":"Test time format with custom timestamp"},{"ancestorTitles":[],"failureMessages":[],"fullName":"Test huge format with custom timestamp","location":null,"status":"passed","title":"Test huge format with custom timestamp"},{"ancestorTitles":[],"failureMessages":[],"fullName":"Test custom class","location":null,"status":"passed","title":"Test custom class"}],"endTime":1627658463676,"message":"","name":"/Users/keegan/Documents/react/src/components/ChangelogCard/__test__/ChangelogCardDate.test.tsx","startTime":1627658455052,"status":"passed","summary":""},{"assertionResults":[{"ancestorTitles":[],"failureMessages":[],"fullName":"Test empty state","location":null,"status":"passed","title":"Test empty state"},{"ancestorTitles":[],"failureMessages":[],"fullName":"Test large number","location":null,"status":"passed","title":"Test large number"},{"ancestorTitles":[],"failureMessages":[],"fullName":"Test custom class with large number","location":null,"status":"passed","title":"Test custom class with large number"},{"ancestorTitles":[],"failureMessages":[],"fullName":"Test custom class with empty state","location":null,"status":"passed","title":"Test custom class with empty state"},{"ancestorTitles":[],"failureMessages":[],"fullName":"Test optional props","location":null,"status":"passed","title":"Test optional props"}],"endTime":1627658463679,"message":"","name":"/Users/keegan/Documents/react/src/components/Statistic/__test__/StatisticBar.test.tsx","startTime":1627658455129,"status":"passed","summary":""},{"assertionResults":[{"ancestorTitles":[],"failureMessages":[],"fullName":"Test default state","location":null,"status":"passed","title":"Test default state"},{"ancestorTitles":[],"failureMessages":[],"fullName":"Test link","location":null,"status":"passed","title":"Test link"},{"ancestorTitles":[],"failureMessages":[],"fullName":"Test link new tab","location":null,"status":"passed","title":"Test link new tab"},{"ancestorTitles":[],"failureMessages":[],"fullName":"Test click handler","location":null,"status":"passed","title":"Test click handler"},{"ancestorTitles":[],"failureMessages":[],"fullName":"Test click handler and link","location":null,"status":"passed","title":"Test click handler and link"},{"ancestorTitles":[],"failureMessages":[],"fullName":"Test className","location":null,"status":"passed","title":"Test className"}],"endTime":1627658463702,"message":"","name":"/Users/keegan/Documents/react/src/components/Util/__test__/ActionLink.test.tsx","startTime":1627658455097,"status":"passed","summary":""},{"assertionResults":[{"ancestorTitles":[],"failureMessages":[],"fullName":"Test default state","location":null,"status":"passed","title":"Test default state"},{"ancestorTitles":[],"failureMessages":[],"fullName":"Test link","location":null,"status":"passed","title":"Test link"},{"ancestorTitles":[],"failureMessages":[],"fullName":"Test link (new tab)","location":null,"status":"passed","title":"Test link (new tab)"},{"ancestorTitles":[],"failureMessages":[],"fullName":"Test click handler","location":null,"status":"passed","title":"Test click handler"},{"ancestorTitles":[],"failureMessages":[],"fullName":"Test custom className","location":null,"status":"passed","title":"Test custom className"}],"endTime":1627658463793,"message":"","name":"/Users/keegan/Documents/react/src/components/Social/__test__/SocialRSS.test.tsx","startTime":1627658463698,"status":"passed","summary":""},{"assertionResults":[{"ancestorTitles":[],"failureMessages":[],"fullName":"Test full card","location":null,"status":"passed","title":"Test full card"},{"ancestorTitles":[],"failureMessages":[],"fullName":"Test no statistics","location":null,"status":"passed","title":"Test no statistics"},{"ancestorTitles":[],"failureMessages":[],"fullName":"Test no title","location":null,"status":"passed","title":"Test no title"},{"ancestorTitles":[],"failureMessages":[],"fullName":"Test no description","location":null,"status":"passed","title":"Test no description"},{"ancestorTitles":[],"failureMessages":[],"fullName":"Test no image","location":null,"status":"passed","title":"Test no image"},{"ancestorTitles":[],"failureMessages":[],"fullName":"Test full card with custom class","location":null,"status":"passed","title":"Test full card with custom class"},{"ancestorTitles":[],"failureMessages":[],"fullName":"Test multiple cards","location":null,"status":"passed","title":"Test multiple cards"}],"endTime":1627658463837,"message":"","name":"/Users/keegan/Documents/react/src/components/ChangelogCard/__test__/ChangelogCardContainer.test.tsx","startTime":1627658455045,"status":"passed","summary":""},{"assertionResults":[{"ancestorTitles":[],"failureMessages":[],"fullName":"Test empty state","location":null,"status":"passed","title":"Test empty state"},{"ancestorTitles":[],"failureMessages":[],"fullName":"Test short title","location":null,"status":"passed","title":"Test short title"},{"ancestorTitles":[],"failureMessages":[],"fullName":"Test long title","location":null,"status":"passed","title":"Test long title"},{"ancestorTitles":[],"failureMessages":[],"fullName":"Test custom class","location":null,"status":"passed","title":"Test custom class"}],"endTime":1627658463843,"message":"","name":"/Users/keegan/Documents/react/src/components/ChangelogCard/__test__/ChangelogCardTitle.test.tsx","startTime":1627658463709,"status":"passed","summary":""},{"assertionResults":[{"ancestorTitles":[],"failureMessages":[],"fullName":"Test default state","location":null,"status":"passed","title":"Test default state"},{"ancestorTitles":[],"failureMessages":[],"fullName":"Test link","location":null,"status":"passed","title":"Test link"},{"ancestorTitles":[],"failureMessages":[],"fullName":"Test link (new tab)","location":null,"status":"passed","title":"Test link (new tab)"},{"ancestorTitles":[],"failureMessages":[],"fullName":"Test click handler","location":null,"status":"passed","title":"Test click handler"},{"ancestorTitles":[],"failureMessages":[],"fullName":"Test custom className","location":null,"status":"passed","title":"Test custom className"}],"endTime":1627658463850,"message":"","name":"/Users/keegan/Documents/react/src/components/Social/__test__/SocialTwitter.test.tsx","startTime":1627658463694,"status":"passed","summary":""},{"assertionResults":[{"ancestorTitles":[],"failureMessages":[],"fullName":"Test complete","location":null,"status":"passed","title":"Test complete"},{"ancestorTitles":[],"failureMessages":[],"fullName":"Test no social","location":null,"status":"passed","title":"Test no social"},{"ancestorTitles":[],"failureMessages":[],"fullName":"Test no subscribe","location":null,"status":"passed","title":"Test no subscribe"},{"ancestorTitles":[],"failureMessages":[],"fullName":"Test social only","location":null,"status":"passed","title":"Test social only"},{"ancestorTitles":[],"failureMessages":[],"fullName":"Test no custom class","location":null,"status":"passed","title":"Test no custom class"}],"endTime":1627658463863,"message":"","name":"/Users/keegan/Documents/react/src/components/Footer/__test__/Footer.test.tsx","startTime":1627658463645,"status":"passed","summary":""},{"assertionResults":[{"ancestorTitles":[],"failureMessages":[],"fullName":"Test empty state","location":null,"status":"passed","title":"Test empty state"},{"ancestorTitles":[],"failureMessages":[],"fullName":"Test large number","location":null,"status":"passed","title":"Test large number"},{"ancestorTitles":[],"failureMessages":[],"fullName":"Test custom class with large number","location":null,"status":"passed","title":"Test custom class with large number"},{"ancestorTitles":[],"failureMessages":[],"fullName":"Test custom class with empty state","location":null,"status":"passed","title":"Test custom class with empty state"}],"endTime":1627658463871,"message":"","name":"/Users/keegan/Documents/react/src/components/Statistic/__test__/StatisticClaps.test.tsx","startTime":1627658455190,"status":"passed","summary":""},{"assertionResults":[{"ancestorTitles":[],"failureMessages":[],"fullName":"Test all","location":null,"status":"passed","title":"Test all"},{"ancestorTitles":[],"failureMessages":[],"fullName":"Test short","location":null,"status":"passed","title":"Test short"},{"ancestorTitles":[],"failureMessages":[],"fullName":"Test single","location":null,"status":"passed","title":"Test single"},{"ancestorTitles":[],"failureMessages":[],"fullName":"Custom className","location":null,"status":"passed","title":"Custom className"}],"endTime":1627658463879,"message":"","name":"/Users/keegan/Documents/react/src/components/Social/__test__/SocialBar.test.tsx","startTime":1627658463667,"status":"passed","summary":""},{"assertionResults":[{"ancestorTitles":[],"failureMessages":[],"fullName":"Test single","location":null,"status":"passed","title":"Test single"},{"ancestorTitles":[],"failureMessages":[],"fullName":"Test double","location":null,"status":"passed","title":"Test double"},{"ancestorTitles":[],"failureMessages":[],"fullName":"Test triple","location":null,"status":"passed","title":"Test triple"},{"ancestorTitles":[],"failureMessages":[],"fullName":"Test custom className","location":null,"status":"passed","title":"Test custom className"}],"endTime":1627658463885,"message":"","name":"/Users/keegan/Documents/react/src/components/Latest/__test__/Latest.test.tsx","startTime":1627658463538,"status":"passed","summary":""},{"assertionResults":[{"ancestorTitles":[],"failureMessages":[],"fullName":"Test single","location":null,"status":"passed","title":"Test single"},{"ancestorTitles":[],"failureMessages":[],"fullName":"Test double","location":null,"status":"passed","title":"Test double"},{"ancestorTitles":[],"failureMessages":[],"fullName":"Test triple","location":null,"status":"passed","title":"Test triple"},{"ancestorTitles":[],"failureMessages":[],"fullName":"Test custom className","location":null,"status":"passed","title":"Test custom className"}],"endTime":1627658463891,"message":"","name":"/Users/keegan/Documents/react/src/components/Recent/__test__/Recent.test.tsx","startTime":1627658463541,"status":"passed","summary":""},{"assertionResults":[{"ancestorTitles":[],"failureMessages":[],"fullName":"Test default state","location":null,"status":"passed","title":"Test default state"},{"ancestorTitles":[],"failureMessages":[],"fullName":"Test link","location":null,"status":"passed","title":"Test link"},{"ancestorTitles":[],"failureMessages":[],"fullName":"Test link (new tab)","location":null,"status":"passed","title":"Test link (new tab)"},{"ancestorTitles":[],"failureMessages":[],"fullName":"Test click handler","location":null,"status":"passed","title":"Test click handler"},{"ancestorTitles":[],"failureMessages":[],"fullName":"Test click handler and link","location":null,"status":"passed","title":"Test click handler and link"},{"ancestorTitles":[],"failureMessages":[],"fullName":"Test custom class","location":null,"status":"passed","title":"Test custom class"},{"ancestorTitles":[],"failureMessages":[],"fullName":"Test custom text","location":null,"status":"passed","title":"Test custom text"}],"endTime":1627658464009,"message":"","name":"/Users/keegan/Documents/react/src/components/Subscribe/__test__/Subscribe.test.tsx","startTime":1627658463844,"status":"passed","summary":""},{"assertionResults":[{"ancestorTitles":[],"failureMessages":[],"fullName":"Test default state","location":null,"status":"passed","title":"Test default state"},{"ancestorTitles":[],"failureMessages":[],"fullName":"Test link","location":null,"status":"passed","title":"Test link"},{"ancestorTitles":[],"failureMessages":[],"fullName":"Test link (new tab)","location":null,"status":"passed","title":"Test link (new tab)"},{"ancestorTitles":[],"failureMessages":[],"fullName":"Test click handler","location":null,"status":"passed","title":"Test click handler"},{"ancestorTitles":[],"failureMessages":[],"fullName":"Test custom className","location":null,"status":"passed","title":"Test custom className"}],"endTime":1627658464015,"message":"","name":"/Users/keegan/Documents/react/src/components/Social/__test__/SocialInstagram.test.tsx","startTime":1627658463889,"status":"passed","summary":""},{"assertionResults":[{"ancestorTitles":[],"failureMessages":[],"fullName":"Test slugify","location":null,"status":"passed","title":"Test slugify"},{"ancestorTitles":[],"failureMessages":[],"fullName":"Test slugify content with no title","location":null,"status":"passed","title":"Test slugify content with no title"},{"ancestorTitles":[],"failureMessages":[],"fullName":"Test slugify content with title","location":null,"status":"passed","title":"Test slugify content with title"}],"endTime":1627658464018,"message":"","name":"/Users/keegan/Documents/react/src/lib/__test__/string.test.ts","startTime":1627658463855,"status":"passed","summary":""},{"assertionResults":[{"ancestorTitles":[],"failureMessages":[],"fullName":"Test default state","location":null,"status":"passed","title":"Test default state"},{"ancestorTitles":[],"failureMessages":[],"fullName":"Test link","location":null,"status":"passed","title":"Test link"},{"ancestorTitles":[],"failureMessages":[],"fullName":"Test link (new tab)","location":null,"status":"passed","title":"Test link (new tab)"},{"ancestorTitles":[],"failureMessages":[],"fullName":"Test click handler","location":null,"status":"passed","title":"Test click handler"},{"ancestorTitles":[],"failureMessages":[],"fullName":"Test custom className","location":null,"status":"passed","title":"Test custom className"}],"endTime":1627658464018,"message":"","name":"/Users/keegan/Documents/react/src/components/Social/__test__/SocialGithub.test.tsx","startTime":1627658463798,"status":"passed","summary":""},{"assertionResults":[{"ancestorTitles":[],"failureMessages":[],"fullName":"Test default state","location":null,"status":"passed","title":"Test default state"},{"ancestorTitles":[],"failureMessages":[],"fullName":"Test link","location":null,"status":"passed","title":"Test link"},{"ancestorTitles":[],"failureMessages":[],"fullName":"Test link (new tab)","location":null,"status":"passed","title":"Test link (new tab)"},{"ancestorTitles":[],"failureMessages":[],"fullName":"Test click handler","location":null,"status":"passed","title":"Test click handler"},{"ancestorTitles":[],"failureMessages":[],"fullName":"Test custom className","location":null,"status":"passed","title":"Test custom className"}],"endTime":1627658464028,"message":"","name":"/Users/keegan/Documents/react/src/components/Social/__test__/SocialFacebook.test.tsx","startTime":1627658463856,"status":"passed","summary":""},{"assertionResults":[{"ancestorTitles":[],"failureMessages":[],"fullName":"Test empty state","location":null,"status":"passed","title":"Test empty state"},{"ancestorTitles":[],"failureMessages":[],"fullName":"Test short description","location":null,"status":"passed","title":"Test short description"},{"ancestorTitles":[],"failureMessages":[],"fullName":"Test long description","location":null,"status":"passed","title":"Test long description"},{"ancestorTitles":[],"failureMessages":[],"fullName":"Test custom class","location":null,"status":"passed","title":"Test custom class"}],"endTime":1627658464032,"message":"","name":"/Users/keegan/Documents/react/src/components/ChangelogCard/__test__/ChangelogCardDescription.test.tsx","startTime":1627658463892,"status":"passed","summary":""},{"assertionResults":[{"ancestorTitles":[],"failureMessages":[],"fullName":"Test file metadata with fileid","location":null,"status":"passed","title":"Test file metadata with fileid"},{"ancestorTitles":[],"failureMessages":[],"fullName":"Test file metadata with file url","location":null,"status":"passed","title":"Test file metadata with file url"},{"ancestorTitles":[],"failureMessages":[],"fullName":"Test file metadata with other url","location":null,"status":"passed","title":"Test file metadata with other url"},{"ancestorTitles":[],"failureMessages":[],"fullName":"Test file metadata with empty string","location":null,"status":"passed","title":"Test file metadata with empty string"},{"ancestorTitles":[],"failureMessages":[],"fullName":"Test file metadata with other url","location":null,"status":"passed","title":"Test file metadata with other url"},{"ancestorTitles":[],"failureMessages":[],"fullName":"Test file metadata extraction","location":null,"status":"passed","title":"Test file metadata extraction"},{"ancestorTitles":[],"failureMessages":[],"fullName":"Test file metadata extraction with full url","location":null,"status":"passed","title":"Test file metadata extraction with full url"},{"ancestorTitles":[],"failureMessages":[],"fullName":"Test file metadata image extraction","location":null,"status":"passed","title":"Test file metadata image extraction"}],"endTime":1627658464034,"message":"","name":"/Users/keegan/Documents/react/src/lib/__test__/file_metadata.test.ts","startTime":1627658463888,"status":"passed","summary":""},{"assertionResults":[{"ancestorTitles":[],"failureMessages":[],"fullName":"Test default state","location":null,"status":"passed","title":"Test default state"},{"ancestorTitles":[],"failureMessages":[],"fullName":"Test link","location":null,"status":"passed","title":"Test link"},{"ancestorTitles":[],"failureMessages":[],"fullName":"Test link (new tab)","location":null,"status":"passed","title":"Test link (new tab)"},{"ancestorTitles":[],"failureMessages":[],"fullName":"Test click handler","location":null,"status":"passed","title":"Test click handler"},{"ancestorTitles":[],"failureMessages":[],"fullName":"Test custom className","location":null,"status":"passed","title":"Test custom className"}],"endTime":1627658464036,"message":"","name":"/Users/keegan/Documents/react/src/components/Social/__test__/SocialLinkedIn.test.tsx","startTime":1627658463869,"status":"passed","summary":""},{"assertionResults":[{"ancestorTitles":[],"failureMessages":[],"fullName":"Test empty state","location":null,"status":"passed","title":"Test empty state"},{"ancestorTitles":[],"failureMessages":[],"fullName":"Test large number","location":null,"status":"passed","title":"Test large number"},{"ancestorTitles":[],"failureMessages":[],"fullName":"Test custom class with large number","location":null,"status":"passed","title":"Test custom class with large number"},{"ancestorTitles":[],"failureMessages":[],"fullName":"Test custom class with empty state","location":null,"status":"passed","title":"Test custom class with empty state"}],"endTime":1627658464059,"message":"","name":"/Users/keegan/Documents/react/src/components/Clap/__test__/Clap.test.tsx","startTime":1627658463900,"status":"passed","summary":""},{"assertionResults":[{"ancestorTitles":[],"failureMessages":[],"fullName":"Test full page","location":null,"status":"passed","title":"Test full page"},{"ancestorTitles":[],"failureMessages":[],"fullName":"Test no latest","location":null,"status":"passed","title":"Test no latest"},{"ancestorTitles":[],"failureMessages":[],"fullName":"Test no recent","location":null,"status":"passed","title":"Test no recent"},{"ancestorTitles":[],"failureMessages":[],"fullName":"Test no footer","location":null,"status":"passed","title":"Test no footer"}],"endTime":1627658464671,"message":"","name":"/Users/keegan/Documents/react/src/components/Page/__test__/Page.test.tsx","startTime":1627658464039,"status":"passed","summary":""},{"assertionResults":[{"ancestorTitles":[],"failureMessages":[],"fullName":"Test component exports","location":null,"status":"passed","title":"Test component exports"},{"ancestorTitles":[],"failureMessages":[],"fullName":"Test util exports","location":null,"status":"passed","title":"Test util exports"},{"ancestorTitles":[],"failureMessages":[],"fullName":"Test for unexpected exports","location":null,"status":"passed","title":"Test for unexpected exports"}],"endTime":1627658465110,"message":"","name":"/Users/keegan/Documents/react/src/__test__/export.test.ts","startTime":1627658455065,"status":"passed","summary":""},{"assertionResults":[{"ancestorTitles":[],"failureMessages":[],"fullName":"Test empty doc","location":null,"status":"passed","title":"Test empty doc"},{"ancestorTitles":[],"failureMessages":[],"fullName":"Test simple text","location":null,"status":"passed","title":"Test simple text"},{"ancestorTitles":[],"failureMessages":[],"fullName":"Test simple paragraph","location":null,"status":"passed","title":"Test simple paragraph"},{"ancestorTitles":[],"failureMessages":[],"fullName":"Test simple blockquote","location":null,"status":"passed","title":"Test simple blockquote"},{"ancestorTitles":[],"failureMessages":[],"fullName":"Test simple break","location":null,"status":"passed","title":"Test simple break"},{"ancestorTitles":[],"failureMessages":[],"fullName":"Test simple hr","location":null,"status":"passed","title":"Test simple hr"},{"ancestorTitles":[],"failureMessages":[],"fullName":"Test simple emoji","location":null,"status":"passed","title":"Test simple emoji"},{"ancestorTitles":[],"failureMessages":[],"fullName":"Test simple bullet list","location":null,"status":"passed","title":"Test simple bullet list"},{"ancestorTitles":[],"failureMessages":[],"fullName":"Test simple ordered list","location":null,"status":"passed","title":"Test simple ordered list"},{"ancestorTitles":[],"failureMessages":[],"fullName":"Test simple code block","location":null,"status":"passed","title":"Test simple code block"},{"ancestorTitles":[],"failureMessages":[],"fullName":"Test simple H1","location":null,"status":"passed","title":"Test simple H1"},{"ancestorTitles":[],"failureMessages":[],"fullName":"Test simple H2","location":null,"status":"passed","title":"Test simple H2"},{"ancestorTitles":[],"failureMessages":[],"fullName":"Test simple H3","location":null,"status":"passed","title":"Test simple H3"},{"ancestorTitles":[],"failureMessages":[],"fullName":"Test simple H4","location":null,"status":"passed","title":"Test simple H4"},{"ancestorTitles":[],"failureMessages":[],"fullName":"Test simple warning notice","location":null,"status":"passed","title":"Test simple warning notice"},{"ancestorTitles":[],"failureMessages":[],"fullName":"Test simple error notice","location":null,"status":"passed","title":"Test simple error notice"},{"ancestorTitles":[],"failureMessages":[],"fullName":"Test simple info notice","location":null,"status":"passed","title":"Test simple info notice"},{"ancestorTitles":[],"failureMessages":[],"fullName":"Test simple inline image","location":null,"status":"passed","title":"Test simple inline image"},{"ancestorTitles":[],"failureMessages":[],"fullName":"Test simple inline image with link","location":null,"status":"passed","title":"Test simple inline image with link"},{"ancestorTitles":[],"failureMessages":[],"fullName":"Test simple image block","location":null,"status":"passed","title":"Test simple image block"},{"ancestorTitles":[],"failureMessages":[],"fullName":"Test simple image block with link","location":null,"status":"passed","title":"Test simple image block with link"}],"endTime":1627658465141,"message":"","name":"/Users/keegan/Documents/react/src/components/Renderer/__test__/RendererContent.test.tsx","startTime":1627658454985,"status":"passed","summary":""}],"wasInterrupted":false}